#
# There is insufficient memory for the Java Runtime Environment to continue.
# Native memory allocation (malloc) failed to allocate 355856 bytes for Chunk::new
# Possible reasons:
#   The system is out of physical RAM or swap space
#   The process is running with CompressedOops enabled, and the Java Heap may be blocking the growth of the native heap
# Possible solutions:
#   Reduce memory load on the system
#   Increase physical memory or swap space
#   Check if swap backing store is full
#   Decrease Java heap size (-Xmx/-Xms)
#   Decrease number of Java threads
#   Decrease Java thread stack sizes (-Xss)
#   Set larger code cache with -XX:ReservedCodeCacheSize=
#   JVM is running with Unscaled Compressed Oops mode in which the Java heap is
#     placed in the first 4GB address space. The Java Heap base address is the
#     maximum limit for the native heap growth. Please use -XX:HeapBaseMinAddress
#     to set the Java Heap base and to place the Java Heap above 4GB virtual address.
# This output file may be truncated or incomplete.
#
#  Out of Memory Error (./src/hotspot/share/memory/arena.cpp:197), pid=824, tid=7356
#
# JRE version: OpenJDK Runtime Environment Temurin-11.0.14.1+1 (11.0.14.1+1) (build 11.0.14.1+1)
# Java VM: OpenJDK 64-Bit Server VM Temurin-11.0.14.1+1 (11.0.14.1+1, mixed mode, tiered, compressed oops, g1 gc, windows-amd64)
# No core dump will be written. Minidumps are not enabled by default on client versions of Windows
#

---------------  S U M M A R Y ------------

Command Line: -ea -Dfile.encoding=Cp1252 org.testng.remote.RemoteTestNG -serport 60272 -protocol json -d F:\QCCA8\eclipse\com.vtiger_sdet31_1\SDET-31_RestAssured\test-output C:\Users\Abhishek\AppData\Local\Temp\testng-eclipse--788936329\testng-customsuite.xml

Host: Intel(R) Core(TM) i3-5005U CPU @ 2.00GHz, 4 cores, 7G,  Windows 8.1 , 64 bit Build 9600 (6.3.9600.20172)
Time: Tue May 10 15:53:27 2022 India Standard Time elapsed time: 2.040364 seconds (0d 0h 0m 2s)

---------------  T H R E A D  ---------------

Current thread (0x0000003e3ac14800):  JavaThread "C2 CompilerThread1" daemon [_thread_in_native, id=7356, stack(0x0000003e3cbf0000,0x0000003e3ccf0000)]


Current CompileTask:
C2:   2040 1744       4       java.util.regex.Pattern$CharProperty::match (61 bytes)

Stack: [0x0000003e3cbf0000,0x0000003e3ccf0000]
Native frames: (J=compiled Java code, j=interpreted, Vv=VM code, C=native code)
V  [jvm.dll+0x61e59a]
V  [jvm.dll+0x7aaca9]
V  [jvm.dll+0x7ac398]
V  [jvm.dll+0x7aca73]
V  [jvm.dll+0x24f9b8]
V  [jvm.dll+0xc260c]
V  [jvm.dll+0xc2bcc]
V  [jvm.dll+0x3599c2]
V  [jvm.dll+0x325b93]
V  [jvm.dll+0x324eca]
V  [jvm.dll+0x208c05]
V  [jvm.dll+0x207ded]
V  [jvm.dll+0x18a2c1]
V  [jvm.dll+0x217734]
V  [jvm.dll+0x21597b]
V  [jvm.dll+0x76d7c0]
V  [jvm.dll+0x766724]
V  [jvm.dll+0x61d3f6]
C  [ucrtbase.DLL+0x1c1ae]
C  [KERNEL32.DLL+0x13d2]
C  [ntdll.dll+0x154f4]


---------------  P R O C E S S  ---------------

Threads class SMR info:
_java_thread_list=0x0000003e3b7a4450, length=11, elements={
0x0000003e1ea29000, 0x0000003e39483000, 0x0000003e3948c000, 0x0000003e394db800,
0x0000003e394dc800, 0x0000003e394dd800, 0x0000003e394e3800, 0x0000003e38a49800,
0x0000003e38a53000, 0x0000003e3962c800, 0x0000003e3ac14800
}

Java Threads: ( => current thread )
  0x0000003e1ea29000 JavaThread "main" [_thread_in_native, id=8388, stack(0x0000003e1e0d0000,0x0000003e1e1d0000)]
  0x0000003e39483000 JavaThread "Reference Handler" daemon [_thread_blocked, id=7764, stack(0x0000003e39960000,0x0000003e39a60000)]
  0x0000003e3948c000 JavaThread "Finalizer" daemon [_thread_blocked, id=5304, stack(0x0000003e39a60000,0x0000003e39b60000)]
  0x0000003e394db800 JavaThread "Signal Dispatcher" daemon [_thread_blocked, id=5144, stack(0x0000003e39c40000,0x0000003e39d40000)]
  0x0000003e394dc800 JavaThread "Attach Listener" daemon [_thread_blocked, id=1980, stack(0x0000003e39d40000,0x0000003e39e40000)]
  0x0000003e394dd800 JavaThread "Service Thread" daemon [_thread_blocked, id=4516, stack(0x0000003e39e40000,0x0000003e39f40000)]
  0x0000003e394e3800 JavaThread "C2 CompilerThread0" daemon [_thread_blocked, id=7036, stack(0x0000003e39f40000,0x0000003e3a040000)]
  0x0000003e38a49800 JavaThread "C1 CompilerThread0" daemon [_thread_blocked, id=8816, stack(0x0000003e3a040000,0x0000003e3a140000)]
  0x0000003e38a53000 JavaThread "Sweeper thread" daemon [_thread_blocked, id=2092, stack(0x0000003e3a140000,0x0000003e3a240000)]
  0x0000003e3962c800 JavaThread "Common-Cleaner" daemon [_thread_blocked, id=3052, stack(0x0000003e3a340000,0x0000003e3a440000)]
=>0x0000003e3ac14800 JavaThread "C2 CompilerThread1" daemon [_thread_in_native, id=7356, stack(0x0000003e3cbf0000,0x0000003e3ccf0000)]

Other Threads:
  0x0000003e38a35800 VMThread "VM Thread" [stack: 0x0000003e39860000,0x0000003e39960000] [id=8304]
  0x0000003e3962c000 WatcherThread [stack: 0x0000003e3a240000,0x0000003e3a340000] [id=9476]
  0x0000003e1ea41800 GCTaskThread "GC Thread#0" [stack: 0x0000003e1e3b0000,0x0000003e1e4b0000] [id=8404]
  0x0000003e3a7ac800 GCTaskThread "GC Thread#1" [stack: 0x0000003e3c4f0000,0x0000003e3c5f0000] [id=96]
  0x0000003e3ac24000 GCTaskThread "GC Thread#2" [stack: 0x0000003e3c5f0000,0x0000003e3c6f0000] [id=6412]
  0x0000003e3ac24800 GCTaskThread "GC Thread#3" [stack: 0x0000003e3c6f0000,0x0000003e3c7f0000] [id=4388]
  0x0000003e1ea73000 ConcurrentGCThread "G1 Main Marker" [stack: 0x0000003e36200000,0x0000003e36300000] [id=9184]
  0x0000003e1ea74800 ConcurrentGCThread "G1 Conc#0" [stack: 0x0000003e36300000,0x0000003e36400000] [id=8796]
  0x0000003e3889e800 ConcurrentGCThread "G1 Refine#0" [stack: 0x0000003e38a60000,0x0000003e38b60000] [id=568]
  0x0000003e388a3800 ConcurrentGCThread "G1 Young RemSet Sampling" [stack: 0x0000003e38b60000,0x0000003e38c60000] [id=6952]

Threads with active compile tasks:
C2 CompilerThread1   2150 1744       4       java.util.regex.Pattern$CharProperty::match (61 bytes)

VM state:not at safepoint (normal execution)

VM Mutex/Monitor currently owned by a thread: None

OutOfMemory and StackOverflow Exception counts:
OutOfMemoryError java_heap_errors=5
LinkageErrors=34

Heap address: 0x0000000081600000, size: 2026 MB, Compressed Oops mode: 32-bit
Narrow klass base: 0x0000000000000000, Narrow klass shift: 3
Compressed class space size: 1073741824 Address: 0x0000000100000000

Heap:
 garbage-first heap   total 131072K, used 20229K [0x0000000081600000, 0x0000000100000000)
  region size 1024K, 19 young (19456K), 2 survivors (2048K)
 Metaspace       used 20648K, capacity 21124K, committed 21296K, reserved 1069056K
  class space    used 2118K, capacity 2308K, committed 2352K, reserved 1048576K
Heap Regions: E=young(eden), S=young(survivor), O=old, HS=humongous(starts), HC=humongous(continues), CS=collection set, F=free, A=archive, TAMS=top-at-mark-start (previous, next)
|   0|0x0000000081600000, 0x0000000081700000, 0x0000000081700000|100%| O|  |TAMS 0x0000000081600000, 0x0000000081600000| Untracked 
|   1|0x0000000081700000, 0x0000000081800000, 0x0000000081800000|100%| O|  |TAMS 0x0000000081700000, 0x0000000081700000| Untracked 
|   2|0x0000000081800000, 0x0000000081900000, 0x0000000081900000|100%| O|  |TAMS 0x0000000081800000, 0x0000000081800000| Untracked 
|   3|0x0000000081900000, 0x0000000081945a00, 0x0000000081a00000| 27%| O|  |TAMS 0x0000000081900000, 0x0000000081900000| Untracked 
|   4|0x0000000081a00000, 0x0000000081a00000, 0x0000000081b00000|  0%| F|  |TAMS 0x0000000081a00000, 0x0000000081a00000| Untracked 
|   5|0x0000000081b00000, 0x0000000081b00000, 0x0000000081c00000|  0%| F|  |TAMS 0x0000000081b00000, 0x0000000081b00000| Untracked 
|   6|0x0000000081c00000, 0x0000000081c00000, 0x0000000081d00000|  0%| F|  |TAMS 0x0000000081c00000, 0x0000000081c00000| Untracked 
|   7|0x0000000081d00000, 0x0000000081d00000, 0x0000000081e00000|  0%| F|  |TAMS 0x0000000081d00000, 0x0000000081d00000| Untracked 
|   8|0x0000000081e00000, 0x0000000081e00000, 0x0000000081f00000|  0%| F|  |TAMS 0x0000000081e00000, 0x0000000081e00000| Untracked 
|   9|0x0000000081f00000, 0x0000000081f00000, 0x0000000082000000|  0%| F|  |TAMS 0x0000000081f00000, 0x0000000081f00000| Untracked 
|  10|0x0000000082000000, 0x0000000082000000, 0x0000000082100000|  0%| F|  |TAMS 0x0000000082000000, 0x0000000082000000| Untracked 
|  11|0x0000000082100000, 0x0000000082100000, 0x0000000082200000|  0%| F|  |TAMS 0x0000000082100000, 0x0000000082100000| Untracked 
|  12|0x0000000082200000, 0x0000000082200000, 0x0000000082300000|  0%| F|  |TAMS 0x0000000082200000, 0x0000000082200000| Untracked 
|  13|0x0000000082300000, 0x0000000082300000, 0x0000000082400000|  0%| F|  |TAMS 0x0000000082300000, 0x0000000082300000| Untracked 
|  14|0x0000000082400000, 0x0000000082400000, 0x0000000082500000|  0%| F|  |TAMS 0x0000000082400000, 0x0000000082400000| Untracked 
|  15|0x0000000082500000, 0x0000000082500000, 0x0000000082600000|  0%| F|  |TAMS 0x0000000082500000, 0x0000000082500000| Untracked 
|  16|0x0000000082600000, 0x0000000082600000, 0x0000000082700000|  0%| F|  |TAMS 0x0000000082600000, 0x0000000082600000| Untracked 
|  17|0x0000000082700000, 0x0000000082700000, 0x0000000082800000|  0%| F|  |TAMS 0x0000000082700000, 0x0000000082700000| Untracked 
|  18|0x0000000082800000, 0x0000000082800000, 0x0000000082900000|  0%| F|  |TAMS 0x0000000082800000, 0x0000000082800000| Untracked 
|  19|0x0000000082900000, 0x0000000082900000, 0x0000000082a00000|  0%| F|  |TAMS 0x0000000082900000, 0x0000000082900000| Untracked 
|  20|0x0000000082a00000, 0x0000000082a00000, 0x0000000082b00000|  0%| F|  |TAMS 0x0000000082a00000, 0x0000000082a00000| Untracked 
|  21|0x0000000082b00000, 0x0000000082b00000, 0x0000000082c00000|  0%| F|  |TAMS 0x0000000082b00000, 0x0000000082b00000| Untracked 
|  22|0x0000000082c00000, 0x0000000082c00000, 0x0000000082d00000|  0%| F|  |TAMS 0x0000000082c00000, 0x0000000082c00000| Untracked 
|  23|0x0000000082d00000, 0x0000000082d00000, 0x0000000082e00000|  0%| F|  |TAMS 0x0000000082d00000, 0x0000000082d00000| Untracked 
|  24|0x0000000082e00000, 0x0000000082e00000, 0x0000000082f00000|  0%| F|  |TAMS 0x0000000082e00000, 0x0000000082e00000| Untracked 
|  25|0x0000000082f00000, 0x0000000082f00000, 0x0000000083000000|  0%| F|  |TAMS 0x0000000082f00000, 0x0000000082f00000| Untracked 
|  26|0x0000000083000000, 0x0000000083000000, 0x0000000083100000|  0%| F|  |TAMS 0x0000000083000000, 0x0000000083000000| Untracked 
|  27|0x0000000083100000, 0x0000000083100000, 0x0000000083200000|  0%| F|  |TAMS 0x0000000083100000, 0x0000000083100000| Untracked 
|  28|0x0000000083200000, 0x0000000083200000, 0x0000000083300000|  0%| F|  |TAMS 0x0000000083200000, 0x0000000083200000| Untracked 
|  29|0x0000000083300000, 0x0000000083300000, 0x0000000083400000|  0%| F|  |TAMS 0x0000000083300000, 0x0000000083300000| Untracked 
|  30|0x0000000083400000, 0x0000000083400000, 0x0000000083500000|  0%| F|  |TAMS 0x0000000083400000, 0x0000000083400000| Untracked 
|  31|0x0000000083500000, 0x0000000083500000, 0x0000000083600000|  0%| F|  |TAMS 0x0000000083500000, 0x0000000083500000| Untracked 
|  32|0x0000000083600000, 0x0000000083600000, 0x0000000083700000|  0%| F|  |TAMS 0x0000000083600000, 0x0000000083600000| Untracked 
|  33|0x0000000083700000, 0x0000000083700000, 0x0000000083800000|  0%| F|  |TAMS 0x0000000083700000, 0x0000000083700000| Untracked 
|  34|0x0000000083800000, 0x0000000083800000, 0x0000000083900000|  0%| F|  |TAMS 0x0000000083800000, 0x0000000083800000| Untracked 
|  35|0x0000000083900000, 0x0000000083900000, 0x0000000083a00000|  0%| F|  |TAMS 0x0000000083900000, 0x0000000083900000| Untracked 
|  36|0x0000000083a00000, 0x0000000083a00000, 0x0000000083b00000|  0%| F|  |TAMS 0x0000000083a00000, 0x0000000083a00000| Untracked 
|  37|0x0000000083b00000, 0x0000000083b00000, 0x0000000083c00000|  0%| F|  |TAMS 0x0000000083b00000, 0x0000000083b00000| Untracked 
|  38|0x0000000083c00000, 0x0000000083c00000, 0x0000000083d00000|  0%| F|  |TAMS 0x0000000083c00000, 0x0000000083c00000| Untracked 
|  39|0x0000000083d00000, 0x0000000083d00000, 0x0000000083e00000|  0%| F|  |TAMS 0x0000000083d00000, 0x0000000083d00000| Untracked 
|  40|0x0000000083e00000, 0x0000000083e00000, 0x0000000083f00000|  0%| F|  |TAMS 0x0000000083e00000, 0x0000000083e00000| Untracked 
|  41|0x0000000083f00000, 0x0000000083f00000, 0x0000000084000000|  0%| F|  |TAMS 0x0000000083f00000, 0x0000000083f00000| Untracked 
|  42|0x0000000084000000, 0x0000000084000000, 0x0000000084100000|  0%| F|  |TAMS 0x0000000084000000, 0x0000000084000000| Untracked 
|  43|0x0000000084100000, 0x0000000084100000, 0x0000000084200000|  0%| F|  |TAMS 0x0000000084100000, 0x0000000084100000| Untracked 
|  44|0x0000000084200000, 0x0000000084200000, 0x0000000084300000|  0%| F|  |TAMS 0x0000000084200000, 0x0000000084200000| Untracked 
|  45|0x0000000084300000, 0x0000000084300000, 0x0000000084400000|  0%| F|  |TAMS 0x0000000084300000, 0x0000000084300000| Untracked 
|  46|0x0000000084400000, 0x0000000084400000, 0x0000000084500000|  0%| F|  |TAMS 0x0000000084400000, 0x0000000084400000| Untracked 
|  47|0x0000000084500000, 0x0000000084500000, 0x0000000084600000|  0%| F|  |TAMS 0x0000000084500000, 0x0000000084500000| Untracked 
|  48|0x0000000084600000, 0x0000000084600000, 0x0000000084700000|  0%| F|  |TAMS 0x0000000084600000, 0x0000000084600000| Untracked 
|  49|0x0000000084700000, 0x0000000084700000, 0x0000000084800000|  0%| F|  |TAMS 0x0000000084700000, 0x0000000084700000| Untracked 
|  50|0x0000000084800000, 0x0000000084800000, 0x0000000084900000|  0%| F|  |TAMS 0x0000000084800000, 0x0000000084800000| Untracked 
|  51|0x0000000084900000, 0x0000000084900000, 0x0000000084a00000|  0%| F|  |TAMS 0x0000000084900000, 0x0000000084900000| Untracked 
|  52|0x0000000084a00000, 0x0000000084a00000, 0x0000000084b00000|  0%| F|  |TAMS 0x0000000084a00000, 0x0000000084a00000| Untracked 
|  53|0x0000000084b00000, 0x0000000084b00000, 0x0000000084c00000|  0%| F|  |TAMS 0x0000000084b00000, 0x0000000084b00000| Untracked 
|  54|0x0000000084c00000, 0x0000000084c00000, 0x0000000084d00000|  0%| F|  |TAMS 0x0000000084c00000, 0x0000000084c00000| Untracked 
|  55|0x0000000084d00000, 0x0000000084d00000, 0x0000000084e00000|  0%| F|  |TAMS 0x0000000084d00000, 0x0000000084d00000| Untracked 
|  56|0x0000000084e00000, 0x0000000084e00000, 0x0000000084f00000|  0%| F|  |TAMS 0x0000000084e00000, 0x0000000084e00000| Untracked 
|  57|0x0000000084f00000, 0x0000000084f00000, 0x0000000085000000|  0%| F|  |TAMS 0x0000000084f00000, 0x0000000084f00000| Untracked 
|  58|0x0000000085000000, 0x0000000085000000, 0x0000000085100000|  0%| F|  |TAMS 0x0000000085000000, 0x0000000085000000| Untracked 
|  59|0x0000000085100000, 0x0000000085100000, 0x0000000085200000|  0%| F|  |TAMS 0x0000000085100000, 0x0000000085100000| Untracked 
|  60|0x0000000085200000, 0x0000000085200000, 0x0000000085300000|  0%| F|  |TAMS 0x0000000085200000, 0x0000000085200000| Untracked 
|  61|0x0000000085300000, 0x0000000085300000, 0x0000000085400000|  0%| F|  |TAMS 0x0000000085300000, 0x0000000085300000| Untracked 
|  62|0x0000000085400000, 0x0000000085400000, 0x0000000085500000|  0%| F|  |TAMS 0x0000000085400000, 0x0000000085400000| Untracked 
|  63|0x0000000085500000, 0x0000000085500000, 0x0000000085600000|  0%| F|  |TAMS 0x0000000085500000, 0x0000000085500000| Untracked 
|  64|0x0000000085600000, 0x0000000085600000, 0x0000000085700000|  0%| F|  |TAMS 0x0000000085600000, 0x0000000085600000| Untracked 
|  65|0x0000000085700000, 0x0000000085700000, 0x0000000085800000|  0%| F|  |TAMS 0x0000000085700000, 0x0000000085700000| Untracked 
|  66|0x0000000085800000, 0x0000000085800000, 0x0000000085900000|  0%| F|  |TAMS 0x0000000085800000, 0x0000000085800000| Untracked 
|  67|0x0000000085900000, 0x0000000085900000, 0x0000000085a00000|  0%| F|  |TAMS 0x0000000085900000, 0x0000000085900000| Untracked 
|  68|0x0000000085a00000, 0x0000000085a00000, 0x0000000085b00000|  0%| F|  |TAMS 0x0000000085a00000, 0x0000000085a00000| Untracked 
|  69|0x0000000085b00000, 0x0000000085b00000, 0x0000000085c00000|  0%| F|  |TAMS 0x0000000085b00000, 0x0000000085b00000| Untracked 
|  70|0x0000000085c00000, 0x0000000085c00000, 0x0000000085d00000|  0%| F|  |TAMS 0x0000000085c00000, 0x0000000085c00000| Untracked 
|  71|0x0000000085d00000, 0x0000000085d00000, 0x0000000085e00000|  0%| F|  |TAMS 0x0000000085d00000, 0x0000000085d00000| Untracked 
|  72|0x0000000085e00000, 0x0000000085e00000, 0x0000000085f00000|  0%| F|  |TAMS 0x0000000085e00000, 0x0000000085e00000| Untracked 
|  73|0x0000000085f00000, 0x0000000085f00000, 0x0000000086000000|  0%| F|  |TAMS 0x0000000085f00000, 0x0000000085f00000| Untracked 
|  74|0x0000000086000000, 0x0000000086000000, 0x0000000086100000|  0%| F|  |TAMS 0x0000000086000000, 0x0000000086000000| Untracked 
|  75|0x0000000086100000, 0x0000000086100000, 0x0000000086200000|  0%| F|  |TAMS 0x0000000086100000, 0x0000000086100000| Untracked 
|  76|0x0000000086200000, 0x0000000086200000, 0x0000000086300000|  0%| F|  |TAMS 0x0000000086200000, 0x0000000086200000| Untracked 
|  77|0x0000000086300000, 0x0000000086300000, 0x0000000086400000|  0%| F|  |TAMS 0x0000000086300000, 0x0000000086300000| Untracked 
|  78|0x0000000086400000, 0x0000000086400000, 0x0000000086500000|  0%| F|  |TAMS 0x0000000086400000, 0x0000000086400000| Untracked 
|  79|0x0000000086500000, 0x0000000086500000, 0x0000000086600000|  0%| F|  |TAMS 0x0000000086500000, 0x0000000086500000| Untracked 
|  80|0x0000000086600000, 0x0000000086600000, 0x0000000086700000|  0%| F|  |TAMS 0x0000000086600000, 0x0000000086600000| Untracked 
|  81|0x0000000086700000, 0x0000000086700000, 0x0000000086800000|  0%| F|  |TAMS 0x0000000086700000, 0x0000000086700000| Untracked 
|  82|0x0000000086800000, 0x0000000086800000, 0x0000000086900000|  0%| F|  |TAMS 0x0000000086800000, 0x0000000086800000| Untracked 
|  83|0x0000000086900000, 0x0000000086900000, 0x0000000086a00000|  0%| F|  |TAMS 0x0000000086900000, 0x0000000086900000| Untracked 
|  84|0x0000000086a00000, 0x0000000086a00000, 0x0000000086b00000|  0%| F|  |TAMS 0x0000000086a00000, 0x0000000086a00000| Untracked 
|  85|0x0000000086b00000, 0x0000000086b00000, 0x0000000086c00000|  0%| F|  |TAMS 0x0000000086b00000, 0x0000000086b00000| Untracked 
|  86|0x0000000086c00000, 0x0000000086c00000, 0x0000000086d00000|  0%| F|  |TAMS 0x0000000086c00000, 0x0000000086c00000| Untracked 
|  87|0x0000000086d00000, 0x0000000086d00000, 0x0000000086e00000|  0%| F|  |TAMS 0x0000000086d00000, 0x0000000086d00000| Untracked 
|  88|0x0000000086e00000, 0x0000000086e00000, 0x0000000086f00000|  0%| F|  |TAMS 0x0000000086e00000, 0x0000000086e00000| Untracked 
|  89|0x0000000086f00000, 0x0000000086f00000, 0x0000000087000000|  0%| F|  |TAMS 0x0000000086f00000, 0x0000000086f00000| Untracked 
|  90|0x0000000087000000, 0x0000000087000000, 0x0000000087100000|  0%| F|  |TAMS 0x0000000087000000, 0x0000000087000000| Untracked 
|  91|0x0000000087100000, 0x0000000087100000, 0x0000000087200000|  0%| F|  |TAMS 0x0000000087100000, 0x0000000087100000| Untracked 
|  92|0x0000000087200000, 0x0000000087200000, 0x0000000087300000|  0%| F|  |TAMS 0x0000000087200000, 0x0000000087200000| Untracked 
|  93|0x0000000087300000, 0x0000000087300000, 0x0000000087400000|  0%| F|  |TAMS 0x0000000087300000, 0x0000000087300000| Untracked 
|  94|0x0000000087400000, 0x0000000087400000, 0x0000000087500000|  0%| F|  |TAMS 0x0000000087400000, 0x0000000087400000| Untracked 
|  95|0x0000000087500000, 0x0000000087500000, 0x0000000087600000|  0%| F|  |TAMS 0x0000000087500000, 0x0000000087500000| Untracked 
|  96|0x0000000087600000, 0x0000000087600000, 0x0000000087700000|  0%| F|  |TAMS 0x0000000087600000, 0x0000000087600000| Untracked 
|  97|0x0000000087700000, 0x0000000087700000, 0x0000000087800000|  0%| F|  |TAMS 0x0000000087700000, 0x0000000087700000| Untracked 
|  98|0x0000000087800000, 0x0000000087800000, 0x0000000087900000|  0%| F|  |TAMS 0x0000000087800000, 0x0000000087800000| Untracked 
|  99|0x0000000087900000, 0x0000000087900000, 0x0000000087a00000|  0%| F|  |TAMS 0x0000000087900000, 0x0000000087900000| Untracked 
| 100|0x0000000087a00000, 0x0000000087a00000, 0x0000000087b00000|  0%| F|  |TAMS 0x0000000087a00000, 0x0000000087a00000| Untracked 
| 101|0x0000000087b00000, 0x0000000087b00000, 0x0000000087c00000|  0%| F|  |TAMS 0x0000000087b00000, 0x0000000087b00000| Untracked 
| 102|0x0000000087c00000, 0x0000000087c00000, 0x0000000087d00000|  0%| F|  |TAMS 0x0000000087c00000, 0x0000000087c00000| Untracked 
| 103|0x0000000087d00000, 0x0000000087d00000, 0x0000000087e00000|  0%| F|  |TAMS 0x0000000087d00000, 0x0000000087d00000| Untracked 
| 104|0x0000000087e00000, 0x0000000087e00000, 0x0000000087f00000|  0%| F|  |TAMS 0x0000000087e00000, 0x0000000087e00000| Untracked 
| 105|0x0000000087f00000, 0x0000000087f00000, 0x0000000088000000|  0%| F|  |TAMS 0x0000000087f00000, 0x0000000087f00000| Untracked 
| 106|0x0000000088000000, 0x0000000088000000, 0x0000000088100000|  0%| F|  |TAMS 0x0000000088000000, 0x0000000088000000| Untracked 
| 107|0x0000000088100000, 0x0000000088100000, 0x0000000088200000|  0%| F|  |TAMS 0x0000000088100000, 0x0000000088100000| Untracked 
| 108|0x0000000088200000, 0x0000000088200000, 0x0000000088300000|  0%| F|  |TAMS 0x0000000088200000, 0x0000000088200000| Untracked 
| 109|0x0000000088300000, 0x0000000088390010, 0x0000000088400000| 56%| E|  |TAMS 0x0000000088300000, 0x0000000088300000| Complete 
| 110|0x0000000088400000, 0x0000000088500000, 0x0000000088500000|100%| E|CS|TAMS 0x0000000088400000, 0x0000000088400000| Complete 
| 111|0x0000000088500000, 0x0000000088600000, 0x0000000088600000|100%| E|CS|TAMS 0x0000000088500000, 0x0000000088500000| Complete 
| 112|0x0000000088600000, 0x0000000088700000, 0x0000000088700000|100%| E|CS|TAMS 0x0000000088600000, 0x0000000088600000| Complete 
| 113|0x0000000088700000, 0x0000000088800000, 0x0000000088800000|100%| E|CS|TAMS 0x0000000088700000, 0x0000000088700000| Complete 
| 114|0x0000000088800000, 0x0000000088900000, 0x0000000088900000|100%| E|CS|TAMS 0x0000000088800000, 0x0000000088800000| Complete 
| 115|0x0000000088900000, 0x000000008897bb60, 0x0000000088a00000| 48%| S|CS|TAMS 0x0000000088900000, 0x0000000088900000| Complete 
| 116|0x0000000088a00000, 0x0000000088b00000, 0x0000000088b00000|100%| S|CS|TAMS 0x0000000088a00000, 0x0000000088a00000| Complete 
| 117|0x0000000088b00000, 0x0000000088c00000, 0x0000000088c00000|100%| E|  |TAMS 0x0000000088b00000, 0x0000000088b00000| Complete 
| 118|0x0000000088c00000, 0x0000000088d00000, 0x0000000088d00000|100%| E|CS|TAMS 0x0000000088c00000, 0x0000000088c00000| Complete 
| 119|0x0000000088d00000, 0x0000000088e00000, 0x0000000088e00000|100%| E|CS|TAMS 0x0000000088d00000, 0x0000000088d00000| Complete 
| 120|0x0000000088e00000, 0x0000000088f00000, 0x0000000088f00000|100%| E|CS|TAMS 0x0000000088e00000, 0x0000000088e00000| Complete 
| 121|0x0000000088f00000, 0x0000000089000000, 0x0000000089000000|100%| E|CS|TAMS 0x0000000088f00000, 0x0000000088f00000| Complete 
| 122|0x0000000089000000, 0x0000000089100000, 0x0000000089100000|100%| E|CS|TAMS 0x0000000089000000, 0x0000000089000000| Complete 
| 123|0x0000000089100000, 0x0000000089200000, 0x0000000089200000|100%| E|CS|TAMS 0x0000000089100000, 0x0000000089100000| Complete 
| 124|0x0000000089200000, 0x0000000089300000, 0x0000000089300000|100%| E|CS|TAMS 0x0000000089200000, 0x0000000089200000| Complete 
| 125|0x0000000089300000, 0x0000000089400000, 0x0000000089400000|100%| E|CS|TAMS 0x0000000089300000, 0x0000000089300000| Complete 
| 126|0x0000000089400000, 0x0000000089500000, 0x0000000089500000|100%| E|CS|TAMS 0x0000000089400000, 0x0000000089400000| Complete 
| 127|0x0000000089500000, 0x0000000089600000, 0x0000000089600000|100%| E|CS|TAMS 0x0000000089500000, 0x0000000089500000| Complete 

Card table byte_map: [0x0000003e31aa0000,0x0000003e31ea0000] _byte_map_base: 0x0000003e31695000

Marking Bits (Prev, Next): (CMBitMap*) 0x0000003e1ea6a498, (CMBitMap*) 0x0000003e1ea6a4d0
 Prev Bits: [0x0000003e322a0000, 0x0000003e34248000)
 Next Bits: [0x0000003e34250000, 0x0000003e361f8000)

Polling page: 0x0000003e1c7c0000

Metaspace:

Usage:
  Non-class:     18.38 MB capacity,    18.09 MB ( 98%) used,   235.31 KB (  1%) free+waste,    51.56 KB ( <1%) overhead. 
      Class:      2.25 MB capacity,     2.07 MB ( 92%) used,   164.33 KB (  7%) free+waste,    24.69 KB (  1%) overhead. 
       Both:     20.63 MB capacity,    20.16 MB ( 98%) used,   399.64 KB (  2%) free+waste,    76.25 KB ( <1%) overhead. 

Virtual space:
  Non-class space:       20.00 MB reserved,      18.50 MB ( 93%) committed 
      Class space:        1.00 GB reserved,       2.30 MB ( <1%) committed 
             Both:        1.02 GB reserved,      20.80 MB (  2%) committed 

Chunk freelists:
   Non-Class:  0 bytes
       Class:  0 bytes
        Both:  0 bytes

MaxMetaspaceSize: 17179869184.00 GB
CompressedClassSpaceSize: 1.00 GB
Initial GC threshold: 20.80 MB
Current GC threshold: 20.80 MB
CDS: off

CodeHeap 'non-profiled nmethods': size=120064Kb used=585Kb max_used=585Kb free=119478Kb
 bounds [0x0000003e2a160000, 0x0000003e2a3d0000, 0x0000003e316a0000]
CodeHeap 'profiled nmethods': size=120000Kb used=3272Kb max_used=3272Kb free=116727Kb
 bounds [0x0000003e22c30000, 0x0000003e22f70000, 0x0000003e2a160000]
CodeHeap 'non-nmethods': size=5696Kb used=1196Kb max_used=1210Kb free=4499Kb
 bounds [0x0000003e226a0000, 0x0000003e22910000, 0x0000003e22c30000]
 total_blobs=2234 nmethods=1773 adapters=373
 compilation: enabled
              stopped_count=0, restarted_count=0
 full_count=0

Compilation events (20 events):
Event: 1.988 Thread 0x0000003e38a49800 1741       3       java.lang.Character::isSurrogate (18 bytes)
Event: 1.989 Thread 0x0000003e38a49800 nmethod 1741 0x0000003e22f4fc10 code [0x0000003e22f4fdc0, 0x0000003e22f4ff38]
Event: 1.990 Thread 0x0000003e38a49800 1742       3       java.util.regex.Pattern::next (33 bytes)
Event: 1.991 Thread 0x0000003e38a49800 nmethod 1742 0x0000003e22f50010 code [0x0000003e22f501e0, 0x0000003e22f50448]
Event: 1.991 Thread 0x0000003e38a49800 1743       3       java.util.regex.Pattern$Node::<init> (12 bytes)
Event: 1.991 Thread 0x0000003e38a49800 nmethod 1743 0x0000003e22f50590 code [0x0000003e22f50740, 0x0000003e22f508f8]
Event: 1.991 Thread 0x0000003e3ac14800 1744       4       java.util.regex.Pattern$CharProperty::match (61 bytes)
Event: 1.992 Thread 0x0000003e394e3800 1745       4       java.util.regex.Pattern$BmpCharPredicate$$Lambda$16/0x00000001000b8c40::is (13 bytes)
Event: 1.997 Thread 0x0000003e394e3800 nmethod 1745 0x0000003e2a1ee010 code [0x0000003e2a1ee1c0, 0x0000003e2a1ee478]
Event: 1.997 Thread 0x0000003e394e3800 1746       4       java.util.regex.Pattern$CharPredicate$$Lambda$198/0x000000010020d440::is (9 bytes)
Event: 2.013 Thread 0x0000003e38a49800 1748       3       java.lang.reflect.Constructor::setConstructorAccessor (21 bytes)
Event: 2.014 Thread 0x0000003e38a49800 nmethod 1748 0x0000003e22f50990 code [0x0000003e22f50b60, 0x0000003e22f50e48]
Event: 2.015 Thread 0x0000003e38a49800 1749       3       java.util.regex.ASCII::isDigit (18 bytes)
Event: 2.015 Thread 0x0000003e38a49800 nmethod 1749 0x0000003e22f50f90 code [0x0000003e22f51140, 0x0000003e22f51298]
Event: 2.016 Thread 0x0000003e38a49800 1751       3       java.util.regex.Pattern$$Lambda$195/0x000000010020e440::is (13 bytes)
Event: 2.017 Thread 0x0000003e394e3800 nmethod 1746 0x0000003e2a1ee690 code [0x0000003e2a1ee8e0, 0x0000003e2a1ef208]
Event: 2.017 Thread 0x0000003e38a49800 nmethod 1751 0x0000003e22f51310 code [0x0000003e22f514e0, 0x0000003e22f51738]
Event: 2.017 Thread 0x0000003e394e3800 1750       4       java.util.regex.Pattern$BmpCharPredicate$$Lambda$196/0x000000010020d840::is (13 bytes)
Event: 2.024 Thread 0x0000003e394e3800 nmethod 1750 0x0000003e2a1ef990 code [0x0000003e2a1efb60, 0x0000003e2a1eff78]
Event: 2.025 Thread 0x0000003e394e3800 1747       4       java.util.regex.Pattern$CharPredicate$$Lambda$197/0x000000010020dc40::is (13 bytes)

GC Heap History (4 events):
Event: 1.089 GC heap before
{Heap before GC invocations=0 (full 0):
 garbage-first heap   total 131072K, used 14336K [0x0000000081600000, 0x0000000100000000)
  region size 1024K, 14 young (14336K), 0 survivors (0K)
 Metaspace       used 12736K, capacity 12980K, committed 13184K, reserved 1060864K
  class space    used 1234K, capacity 1307K, committed 1408K, reserved 1048576K
}
Event: 1.095 GC heap after
{Heap after GC invocations=1 (full 0):
 garbage-first heap   total 131072K, used 3679K [0x0000000081600000, 0x0000000100000000)
  region size 1024K, 2 young (2048K), 2 survivors (2048K)
 Metaspace       used 12736K, capacity 12980K, committed 13184K, reserved 1060864K
  class space    used 1234K, capacity 1307K, committed 1408K, reserved 1048576K
}
Event: 1.490 GC heap before
{Heap before GC invocations=1 (full 0):
 garbage-first heap   total 131072K, used 14943K [0x0000000081600000, 0x0000000100000000)
  region size 1024K, 13 young (13312K), 2 survivors (2048K)
 Metaspace       used 16311K, capacity 16704K, committed 17024K, reserved 1064960K
  class space    used 1654K, capacity 1812K, committed 1920K, reserved 1048576K
}
Event: 1.496 GC heap after
{Heap after GC invocations=2 (full 0):
 garbage-first heap   total 131072K, used 4869K [0x0000000081600000, 0x0000000100000000)
  region size 1024K, 2 young (2048K), 2 survivors (2048K)
 Metaspace       used 16311K, capacity 16704K, committed 17024K, reserved 1064960K
  class space    used 1654K, capacity 1812K, committed 1920K, reserved 1048576K
}

Deoptimization events (20 events):
Event: 1.872 Thread 0x0000003e1ea29000 Uncommon trap: trap_request=0xffffff4d fr.pc=0x0000003e2a192878 relative=0x0000000000000058
Event: 1.872 Thread 0x0000003e1ea29000 Uncommon trap: reason=unstable_if action=reinterpret pc=0x0000003e2a192878 method=java.lang.AbstractStringBuilder.isLatin1()Z @ 10 c2
Event: 1.872 Thread 0x0000003e1ea29000 DEOPT PACKING pc=0x0000003e2a192878 sp=0x0000003e1e1ce7e0
Event: 1.872 Thread 0x0000003e1ea29000 DEOPT UNPACKING pc=0x0000003e226ea1af sp=0x0000003e1e1ce770 mode 2
Event: 1.985 Thread 0x0000003e1ea29000 Uncommon trap: trap_request=0xffffffde fr.pc=0x0000003e2a1e9998 relative=0x0000000000000af8
Event: 1.985 Thread 0x0000003e1ea29000 Uncommon trap: reason=class_check action=maybe_recompile pc=0x0000003e2a1e9998 method=java.util.regex.Pattern$CharPredicate.lambda$negate$3(I)Z @ 2 c2
Event: 1.985 Thread 0x0000003e1ea29000 DEOPT PACKING pc=0x0000003e2a1e9998 sp=0x0000003e1e1ced50
Event: 1.985 Thread 0x0000003e1ea29000 DEOPT UNPACKING pc=0x0000003e226ea1af sp=0x0000003e1e1cec20 mode 2
Event: 1.985 Thread 0x0000003e1ea29000 Uncommon trap: trap_request=0xffffffde fr.pc=0x0000003e2a1e9998 relative=0x0000000000000af8
Event: 1.985 Thread 0x0000003e1ea29000 Uncommon trap: reason=class_check action=maybe_recompile pc=0x0000003e2a1e9998 method=java.util.regex.Pattern$CharPredicate.lambda$negate$3(I)Z @ 2 c2
Event: 1.985 Thread 0x0000003e1ea29000 DEOPT PACKING pc=0x0000003e2a1e9998 sp=0x0000003e1e1ced50
Event: 1.985 Thread 0x0000003e1ea29000 DEOPT UNPACKING pc=0x0000003e226ea1af sp=0x0000003e1e1cec20 mode 2
Event: 1.985 Thread 0x0000003e1ea29000 Uncommon trap: trap_request=0xffffffde fr.pc=0x0000003e2a1e9998 relative=0x0000000000000af8
Event: 1.985 Thread 0x0000003e1ea29000 Uncommon trap: reason=class_check action=maybe_recompile pc=0x0000003e2a1e9998 method=java.util.regex.Pattern$CharPredicate.lambda$negate$3(I)Z @ 2 c2
Event: 1.985 Thread 0x0000003e1ea29000 DEOPT PACKING pc=0x0000003e2a1e9998 sp=0x0000003e1e1ced50
Event: 1.985 Thread 0x0000003e1ea29000 DEOPT UNPACKING pc=0x0000003e226ea1af sp=0x0000003e1e1cec20 mode 2
Event: 1.985 Thread 0x0000003e1ea29000 Uncommon trap: trap_request=0xffffffde fr.pc=0x0000003e2a1e9998 relative=0x0000000000000af8
Event: 1.985 Thread 0x0000003e1ea29000 Uncommon trap: reason=class_check action=maybe_recompile pc=0x0000003e2a1e9998 method=java.util.regex.Pattern$CharPredicate.lambda$negate$3(I)Z @ 2 c2
Event: 1.985 Thread 0x0000003e1ea29000 DEOPT PACKING pc=0x0000003e2a1e9998 sp=0x0000003e1e1ced50
Event: 1.986 Thread 0x0000003e1ea29000 DEOPT UNPACKING pc=0x0000003e226ea1af sp=0x0000003e1e1cec20 mode 2

Classes redefined (0 events):
No events

Internal exceptions (20 events):
Event: 1.618 Thread 0x0000003e1ea29000 Exception <a 'java/lang/NoSuchMethodError'{0x00000000891a9430}: 'java.lang.Object java.lang.invoke.DirectMethodHandle$Holder.invokeStatic(java.lang.Object, java.lang.Object, java.lang.Object, java.lang.Object, java.lang.Object, java.lang.Object, java.lang.Object, java.lang.Object, java.lang.Object, java.lang.Object, java.lang.Object, int, int)'> (0x00000000891a9430) thrown at [./src/hotspot/share/interpreter/linkResolver.cpp, line 773]
Event: 1.622 Thread 0x0000003e1ea29000 Exception <a 'java/lang/NoSuchMethodError'{0x00000000891c85f8}: 'java.lang.Object java.lang.invoke.DirectMethodHandle$Holder.invokeStatic(java.lang.Object, java.lang.Object, java.lang.Object, java.lang.Object, java.lang.Object, java.lang.Object, java.lang.Object, java.lang.Object, java.lang.Object, java.lang.Object, java.lang.Object, int, int, java.lang.Object)'> (0x00000000891c85f8) thrown at [./src/hotspot/share/interpreter/linkResolver.cpp, line 773]
Event: 1.625 Thread 0x0000003e1ea29000 Exception <a 'java/lang/NoSuchMethodError'{0x00000000891e8ef0}: 'java.lang.Object java.lang.invoke.DirectMethodHandle$Holder.invokeStatic(java.lang.Object, java.lang.Object, java.lang.Object, java.lang.Object, java.lang.Object, java.lang.Object, java.lang.Object, java.lang.Object, java.lang.Object, java.lang.Object, java.lang.Object, int, int, java.lang.Object, java.lang.Object)'> (0x00000000891e8ef0) thrown at [./src/hotspot/share/interpreter/linkResolver.cpp, line 773]
Event: 1.628 Thread 0x0000003e1ea29000 Exception <a 'java/lang/ClassNotFoundException'{0x000000008900ae08}: groovy/lang/ExpandoMetaClassBeanInfo> (0x000000008900ae08) thrown at [./src/hotspot/share/classfile/systemDictionary.cpp, line 230]
Event: 1.629 Thread 0x0000003e1ea29000 Exception <a 'java/lang/ClassNotFoundException'{0x000000008901d670}: groovy/lang/MetaClassImplBeanInfo> (0x000000008901d670) thrown at [./src/hotspot/share/classfile/systemDictionary.cpp, line 230]
Event: 1.629 Thread 0x0000003e1ea29000 Exception <a 'java/lang/ClassNotFoundException'{0x000000008901e3b8}: java/lang/ObjectBeanInfo> (0x000000008901e3b8) thrown at [./src/hotspot/share/classfile/systemDictionary.cpp, line 230]
Event: 1.630 Thread 0x0000003e1ea29000 Exception <a 'java/lang/ClassNotFoundException'{0x0000000089021128}: java/lang/ObjectCustomizer> (0x0000000089021128) thrown at [./src/hotspot/share/classfile/systemDictionary.cpp, line 230]
Event: 1.639 Thread 0x0000003e1ea29000 Exception <a 'java/lang/ClassNotFoundException'{0x000000008903a7e8}: groovy/lang/MetaClassImplCustomizer> (0x000000008903a7e8) thrown at [./src/hotspot/share/classfile/systemDictionary.cpp, line 230]
Event: 1.645 Thread 0x0000003e1ea29000 Exception <a 'java/lang/ClassNotFoundException'{0x000000008906bfb8}: groovy/lang/ExpandoMetaClassCustomizer> (0x000000008906bfb8) thrown at [./src/hotspot/share/classfile/systemDictionary.cpp, line 230]
Event: 1.676 Thread 0x0000003e1ea29000 Exception <a 'java/lang/ClassNotFoundException'{0x0000000088f79c80}: io/restassured/authentication/NoAuthSchemeBeanInfo> (0x0000000088f79c80) thrown at [./src/hotspot/share/classfile/systemDictionary.cpp, line 230]
Event: 1.676 Thread 0x0000003e1ea29000 Exception <a 'java/lang/ClassNotFoundException'{0x0000000088f81928}: io/restassured/authentication/NoAuthSchemeCustomizer> (0x0000000088f81928) thrown at [./src/hotspot/share/classfile/systemDictionary.cpp, line 230]
Event: 1.732 Thread 0x0000003e1ea29000 Exception <a 'java/lang/NoClassDefFoundError'{0x0000000088d5d5c0}: org/apache/log4j/Priority> (0x0000000088d5d5c0) thrown at [./src/hotspot/share/classfile/systemDictionary.cpp, line 219]
Event: 1.784 Thread 0x0000003e1ea29000 Exception <a 'java/lang/OutOfMemoryError'{0x0000000088b714b0}> (0x0000000088b714b0) thrown at [./src/hotspot/share/prims/jni.cpp, line 637]
Event: 1.784 Thread 0x0000003e1ea29000 Exception <a 'java/lang/OutOfMemoryError'{0x0000000088b714b0}> (0x0000000088b714b0) thrown at [./src/hotspot/share/oops/instanceKlass.cpp, line 1029]
Event: 1.784 Thread 0x0000003e1ea29000 Exception <a 'java/lang/OutOfMemoryError'{0x0000000088b714b0}> (0x0000000088b714b0) thrown at [./src/hotspot/share/oops/instanceKlass.cpp, line 1029]
Event: 1.784 Thread 0x0000003e1ea29000 Exception <a 'java/lang/OutOfMemoryError'{0x0000000088b714b0}> (0x0000000088b714b0) thrown at [./src/hotspot/share/oops/instanceKlass.cpp, line 1029]
Event: 1.784 Thread 0x0000003e1ea29000 Exception <a 'java/lang/OutOfMemoryError'{0x0000000088b714b0}> (0x0000000088b714b0) thrown at [./src/hotspot/share/oops/instanceKlass.cpp, line 1029]
Event: 1.784 Thread 0x0000003e1ea29000 Exception <a 'java/lang/reflect/InvocationTargetException'{0x0000000088b71a28}> (0x0000000088b71a28) thrown at [./src/hotspot/share/runtime/reflection.cpp, line 1247]
Event: 1.835 Thread 0x0000003e1ea29000 Exception <a 'java/lang/NoSuchMethodError'{0x00000000887689f8}: 'int java.lang.invoke.DirectMethodHandle$Holder.invokeSpecialIFC(java.lang.Object, java.lang.Object, int)'> (0x00000000887689f8) thrown at [./src/hotspot/share/interpreter/linkResolver.cpp, line 773]
Event: 1.948 Thread 0x0000003e1ea29000 Exception <a 'java/lang/NoSuchMethodError'{0x0000000088544fb0}: 'int java.lang.invoke.DirectMethodHandle$Holder.invokeInterface(java.lang.Object, java.lang.Object)'> (0x0000000088544fb0) thrown at [./src/hotspot/share/interpreter/linkResolver.cpp, line 773]

Events (20 events):
Event: 1.982 loading class org/testng/reporters/jq/IgnoredMethodsPanel
Event: 1.982 loading class org/testng/reporters/jq/IgnoredMethodsPanel done
Event: 1.983 loading class org/testng/reporters/jq/ChronologicalPanel
Event: 1.983 loading class org/testng/reporters/jq/ChronologicalPanel done
Event: 1.983 loading class org/testng/reporters/jq/NavigatorPanel
Event: 1.983 loading class org/testng/reporters/jq/NavigatorPanel done
Event: 1.984 loading class org/testng/reporters/jq/NavigatorPanel$IResultProvider
Event: 1.984 loading class org/testng/reporters/jq/NavigatorPanel$IResultProvider done
Event: 1.989 loading class org/testng/reporters/jq/NavigatorPanel$ResultsByStatus
Event: 1.989 loading class org/testng/reporters/jq/NavigatorPanel$ResultsByStatus done
Event: 1.989 loading class org/testng/reporters/jq/NavigatorPanel$BaseResultProvider
Event: 1.989 loading class org/testng/reporters/jq/NavigatorPanel$BaseResultProvider done
Event: 1.990 loading class org/testng/ITestResult
Event: 1.990 loading class org/testng/ITestResult done
Event: 1.990 loading class org/testng/ITestResult
Event: 1.990 loading class org/testng/ITestResult done
Event: 2.012 loading class org/testng/ITestResult
Event: 2.012 loading class org/testng/ITestResult done
Event: 2.012 loading class org/testng/ITestResult
Event: 2.012 loading class org/testng/ITestResult done


Dynamic libraries:
0x00007ff67e270000 - 0x00007ff67e27d000 	C:\Users\Abhishek\.p2\pool\plugins\org.eclipse.justj.openjdk.hotspot.jre.full.win32.x86_64_11.0.14.v20220314-1349\jre\bin\javaw.exe
0x00007ffcc5ce0000 - 0x00007ffcc5e8d000 	C:\Windows\SYSTEM32\ntdll.dll
0x00007ffcc3430000 - 0x00007ffcc356f000 	C:\Windows\system32\KERNEL32.DLL
0x00007ffcc3190000 - 0x00007ffcc32a5000 	C:\Windows\system32\KERNELBASE.dll
0x00007ffcb4750000 - 0x00007ffcb4767000 	C:\Users\Abhishek\.p2\pool\plugins\org.eclipse.justj.openjdk.hotspot.jre.full.win32.x86_64_11.0.14.v20220314-1349\jre\bin\jli.dll
0x00007ffcb41b0000 - 0x00007ffcb41c5000 	C:\Users\Abhishek\.p2\pool\plugins\org.eclipse.justj.openjdk.hotspot.jre.full.win32.x86_64_11.0.14.v20220314-1349\jre\bin\VCRUNTIME140.dll
0x00007ffcc1900000 - 0x00007ffcc1904000 	C:\Users\Abhishek\.p2\pool\plugins\org.eclipse.justj.openjdk.hotspot.jre.full.win32.x86_64_11.0.14.v20220314-1349\jre\bin\api-ms-win-crt-stdio-l1-1-0.dll
0x00007ffcc1720000 - 0x00007ffcc1724000 	C:\Users\Abhishek\.p2\pool\plugins\org.eclipse.justj.openjdk.hotspot.jre.full.win32.x86_64_11.0.14.v20220314-1349\jre\bin\api-ms-win-crt-runtime-l1-1-0.dll
0x00007ffcc0480000 - 0x00007ffcc0483000 	C:\Users\Abhishek\.p2\pool\plugins\org.eclipse.justj.openjdk.hotspot.jre.full.win32.x86_64_11.0.14.v20220314-1349\jre\bin\api-ms-win-crt-environment-l1-1-0.dll
0x00007ffcbdfb0000 - 0x00007ffcbdfb5000 	C:\Users\Abhishek\.p2\pool\plugins\org.eclipse.justj.openjdk.hotspot.jre.full.win32.x86_64_11.0.14.v20220314-1349\jre\bin\api-ms-win-crt-math-l1-1-0.dll
0x00007ffcbd200000 - 0x00007ffcbd203000 	C:\Users\Abhishek\.p2\pool\plugins\org.eclipse.justj.openjdk.hotspot.jre.full.win32.x86_64_11.0.14.v20220314-1349\jre\bin\api-ms-win-crt-locale-l1-1-0.dll
0x00007ffcbc680000 - 0x00007ffcbc683000 	C:\Users\Abhishek\.p2\pool\plugins\org.eclipse.justj.openjdk.hotspot.jre.full.win32.x86_64_11.0.14.v20220314-1349\jre\bin\api-ms-win-crt-heap-l1-1-0.dll
0x00007ffcc0990000 - 0x00007ffcc0c0b000 	C:\Windows\WinSxS\amd64_microsoft.windows.common-controls_6595b64144ccf1df_6.0.9600.19394_none_62486577ecb635cf\COMCTL32.dll
0x00007ffcc3570000 - 0x00007ffcc36e7000 	C:\Windows\system32\USER32.dll
0x00007ffcbc2f0000 - 0x00007ffcbc2f3000 	C:\Users\Abhishek\.p2\pool\plugins\org.eclipse.justj.openjdk.hotspot.jre.full.win32.x86_64_11.0.14.v20220314-1349\jre\bin\api-ms-win-crt-filesystem-l1-1-0.dll
0x00007ffcbc2d0000 - 0x00007ffcbc2d4000 	C:\Users\Abhishek\.p2\pool\plugins\org.eclipse.justj.openjdk.hotspot.jre.full.win32.x86_64_11.0.14.v20220314-1349\jre\bin\api-ms-win-crt-string-l1-1-0.dll
0x00007ffcbbc10000 - 0x00007ffcbbc14000 	C:\Users\Abhishek\.p2\pool\plugins\org.eclipse.justj.openjdk.hotspot.jre.full.win32.x86_64_11.0.14.v20220314-1349\jre\bin\api-ms-win-crt-convert-l1-1-0.dll
0x00007ffcc5720000 - 0x00007ffcc57ca000 	C:\Windows\system32\msvcrt.dll
0x00007ffcc5580000 - 0x00007ffcc56ce000 	C:\Windows\system32\GDI32.dll
0x00007ffcb0730000 - 0x00007ffcb082a000 	C:\Users\Abhishek\.p2\pool\plugins\org.eclipse.justj.openjdk.hotspot.jre.full.win32.x86_64_11.0.14.v20220314-1349\jre\bin\ucrtbase.DLL
0x00007ffcc56d0000 - 0x00007ffcc5706000 	C:\Windows\system32\IMM32.DLL
0x00007ffcc38d0000 - 0x00007ffcc3a21000 	C:\Windows\system32\MSCTF.dll
0x00007ffcb1440000 - 0x00007ffcb14db000 	C:\Users\Abhishek\.p2\pool\plugins\org.eclipse.justj.openjdk.hotspot.jre.full.win32.x86_64_11.0.14.v20220314-1349\jre\bin\msvcp140.dll
0x00007ffcb5470000 - 0x00007ffcb5473000 	C:\Users\Abhishek\.p2\pool\plugins\org.eclipse.justj.openjdk.hotspot.jre.full.win32.x86_64_11.0.14.v20220314-1349\jre\bin\api-ms-win-crt-time-l1-1-0.dll
0x00007ffcb4740000 - 0x00007ffcb4743000 	C:\Users\Abhishek\.p2\pool\plugins\org.eclipse.justj.openjdk.hotspot.jre.full.win32.x86_64_11.0.14.v20220314-1349\jre\bin\api-ms-win-crt-utility-l1-1-0.dll
0x00007ffcaa000000 - 0x00007ffcaab81000 	C:\Users\Abhishek\.p2\pool\plugins\org.eclipse.justj.openjdk.hotspot.jre.full.win32.x86_64_11.0.14.v20220314-1349\jre\bin\server\jvm.dll
0x00007ffcc3820000 - 0x00007ffcc38ca000 	C:\Windows\system32\ADVAPI32.dll
0x00007ffcb4f70000 - 0x00007ffcb4f79000 	C:\Windows\SYSTEM32\WSOCK32.dll
0x00007ffcbe060000 - 0x00007ffcbe082000 	C:\Windows\SYSTEM32\WINMM.dll
0x00007ffcbca50000 - 0x00007ffcbca5a000 	C:\Windows\SYSTEM32\VERSION.dll
0x00007ffcc5710000 - 0x00007ffcc5717000 	C:\Windows\system32\PSAPI.DLL
0x00007ffcc3c70000 - 0x00007ffcc3cc8000 	C:\Windows\SYSTEM32\sechost.dll
0x00007ffcc5260000 - 0x00007ffcc539a000 	C:\Windows\system32\RPCRT4.dll
0x00007ffcc3a30000 - 0x00007ffcc3a8a000 	C:\Windows\system32\WS2_32.dll
0x00007ffcbe030000 - 0x00007ffcbe05a000 	C:\Windows\SYSTEM32\WINMMBASE.dll
0x00007ffcc3160000 - 0x00007ffcc318e000 	C:\Windows\system32\SspiCli.dll
0x00007ffcc57e0000 - 0x00007ffcc57e9000 	C:\Windows\system32\NSI.dll
0x00007ffcc3110000 - 0x00007ffcc315f000 	C:\Windows\SYSTEM32\cfgmgr32.dll
0x00007ffcc1bd0000 - 0x00007ffcc1bf8000 	C:\Windows\SYSTEM32\DEVOBJ.dll
0x00007ffcc0dc0000 - 0x00007ffcc0dd0000 	C:\Users\Abhishek\.p2\pool\plugins\org.eclipse.justj.openjdk.hotspot.jre.full.win32.x86_64_11.0.14.v20220314-1349\jre\bin\verify.dll
0x00007ffcb5630000 - 0x00007ffcb57b9000 	C:\Windows\SYSTEM32\DBGHELP.DLL
0x00007ffcbdfd0000 - 0x00007ffcbdff8000 	C:\Users\Abhishek\.p2\pool\plugins\org.eclipse.justj.openjdk.hotspot.jre.full.win32.x86_64_11.0.14.v20220314-1349\jre\bin\java.dll
0x00007ffcbe880000 - 0x00007ffcbe88a000 	C:\Users\Abhishek\.p2\pool\plugins\org.eclipse.justj.openjdk.hotspot.jre.full.win32.x86_64_11.0.14.v20220314-1349\jre\bin\jimage.dll
0x00007ffcbdf20000 - 0x00007ffcbdf38000 	C:\Users\Abhishek\.p2\pool\plugins\org.eclipse.justj.openjdk.hotspot.jre.full.win32.x86_64_11.0.14.v20220314-1349\jre\bin\zip.dll
0x00007ffcc3d30000 - 0x00007ffcc525e000 	C:\Windows\system32\SHELL32.dll
0x00007ffcc59a0000 - 0x00007ffcc5bb2000 	C:\Windows\SYSTEM32\combase.dll
0x00007ffcc3cd0000 - 0x00007ffcc3d24000 	C:\Windows\system32\SHLWAPI.dll
0x00007ffcc0e80000 - 0x00007ffcc0f32000 	C:\Windows\SYSTEM32\SHCORE.dll
0x00007ffcc2d80000 - 0x00007ffcc2d95000 	C:\Windows\SYSTEM32\profapi.dll
0x00007ffcbd760000 - 0x00007ffcbd779000 	C:\Users\Abhishek\.p2\pool\plugins\org.eclipse.justj.openjdk.hotspot.jre.full.win32.x86_64_11.0.14.v20220314-1349\jre\bin\net.dll
0x00007ffcba180000 - 0x00007ffcba249000 	C:\Windows\SYSTEM32\WINHTTP.dll
0x00007ffcc25c0000 - 0x00007ffcc2619000 	C:\Windows\system32\mswsock.dll
0x00007ffcbd0c0000 - 0x00007ffcbd0d3000 	C:\Users\Abhishek\.p2\pool\plugins\org.eclipse.justj.openjdk.hotspot.jre.full.win32.x86_64_11.0.14.v20220314-1349\jre\bin\nio.dll
0x00007ffcc23c0000 - 0x00007ffcc2464000 	C:\Windows\SYSTEM32\DNSAPI.dll
0x00007ffcb4110000 - 0x00007ffcb411a000 	C:\Windows\System32\rasadhlp.dll
0x00007ffcbd2d0000 - 0x00007ffcbd33b000 	C:\Windows\System32\fwpuclnt.dll
0x00007ffcc2620000 - 0x00007ffcc2640000 	C:\Windows\SYSTEM32\CRYPTSP.dll
0x00007ffcc2240000 - 0x00007ffcc2276000 	C:\Windows\system32\rsaenh.dll
0x00007ffcc2860000 - 0x00007ffcc2886000 	C:\Windows\SYSTEM32\bcrypt.dll
0x00007ffcc2350000 - 0x00007ffcc2371000 	C:\Windows\SYSTEM32\USERENV.dll
0x00007ffcc2b80000 - 0x00007ffcc2be3000 	C:\Windows\system32\bcryptprimitives.dll
0x00007ffcc2bf0000 - 0x00007ffcc2bfb000 	C:\Windows\SYSTEM32\CRYPTBASE.dll
0x00007ffcbd700000 - 0x00007ffcbd72a000 	C:\Windows\SYSTEM32\IPHLPAPI.DLL
0x00007ffcbd6e0000 - 0x00007ffcbd6ea000 	C:\Windows\SYSTEM32\WINNSI.DLL
0x00007ffcbd1e0000 - 0x00007ffcbd1f6000 	C:\Windows\SYSTEM32\dhcpcsvc6.DLL
0x00007ffcbd470000 - 0x00007ffcbd48a000 	C:\Windows\SYSTEM32\dhcpcsvc.DLL
0x00007ffcba460000 - 0x00007ffcba475000 	C:\Windows\system32\napinsp.dll
0x00007ffcba160000 - 0x00007ffcba17a000 	C:\Windows\system32\pnrpnsp.dll
0x00007ffcc0640000 - 0x00007ffcc065b000 	C:\Windows\system32\NLAapi.dll
0x00007ffcb5620000 - 0x00007ffcb562d000 	C:\Windows\System32\winrnr.dll
0x00007ffcb5590000 - 0x00007ffcb55a4000 	C:\Windows\system32\wshbth.dll

dbghelp: loaded successfully - version: 4.0.5 - missing functions: none
symbol engine: initialized successfully - sym options: 0x614 - pdb path: .;C:\Users\Abhishek\.p2\pool\plugins\org.eclipse.justj.openjdk.hotspot.jre.full.win32.x86_64_11.0.14.v20220314-1349\jre\bin;C:\Windows\SYSTEM32;C:\Windows\WinSxS\amd64_microsoft.windows.common-controls_6595b64144ccf1df_6.0.9600.19394_none_62486577ecb635cf;C:\Users\Abhishek\.p2\pool\plugins\org.eclipse.justj.openjdk.hotspot.jre.full.win32.x86_64_11.0.14.v20220314-1349\jre\bin\server

VM Arguments:
jvm_args: -ea -Dfile.encoding=Cp1252 
java_command: org.testng.remote.RemoteTestNG -serport 60272 -protocol json -d F:\QCCA8\eclipse\com.vtiger_sdet31_1\SDET-31_RestAssured\test-output C:\Users\Abhishek\AppData\Local\Temp\testng-eclipse--788936329\testng-customsuite.xml
java_class_path (initial): C:\Users\Abhishek\eclipse\java-2021-09\eclipse\configuration\org.eclipse.osgi\442\0\.cp\lib\testng-remote.jar;F:\QCCA8\eclipse\com.vtiger_sdet31_1\SDET-31_RestAssured\target\test-classes;F:\QCCA8\eclipse\com.vtiger_sdet31_1\SDET-31_RestAssured\target\classes;C:\Users\Abhishek\.m2\repository\commons-io\commons-io\2.11.0\commons-io-2.11.0.jar;C:\Users\Abhishek\.m2\repository\com\googlecode\json-simple\json-simple\1.1.1\json-simple-1.1.1.jar;C:\Users\Abhishek\.m2\repository\junit\junit\4.10\junit-4.10.jar;C:\Users\Abhishek\.m2\repository\org\hamcrest\hamcrest-core\1.1\hamcrest-core-1.1.jar;C:\Users\Abhishek\.m2\repository\org\testng\testng\7.4.0\testng-7.4.0.jar;C:\Users\Abhishek\.m2\repository\com\beust\jcommander\1.78\jcommander-1.78.jar;C:\Users\Abhishek\.m2\repository\org\webjars\jquery\3.5.1\jquery-3.5.1.jar;C:\Users\Abhishek\.m2\repository\io\rest-assured\rest-assured\4.4.0\rest-assured-4.4.0.jar;C:\Users\Abhishek\.m2\repository\org\codehaus\groovy\groovy\3.0.8\groovy-3.0.8.jar;C:\Users\Abhishek\.m2\repository\org\codehaus\groovy\groovy-xml\3.0.8\groovy-xml-3.0.8.jar;C:\Users\Abhishek\.m2\repository\org\apache\httpcomponents\httpclient\4.5.13\httpclient-4.5.13.jar;C:\Users\Abhishek\.m2\repository\org\apache\httpcomponents\httpcore\4.4.13\httpcore-4.4.13.jar;C:\Users\Abhishek\.m2\repository\commons-logging\commons-logging\1.2\commons-logging-1.2.jar;C:\Users\Abhishek\.m2\repository\commons-codec\commons-codec\1.11\commons-codec-1.11.jar;C:\Users\Abhishek\.m2\repository\org\apache\httpcomponents\httpmime\4.5.13\httpmime-4.5.13.jar;C:\Users\Abhishek\.m2\repository\org\hamcrest\hamcrest\2.1\hamcrest-2.1.jar;C:\Users\Abhishek\.m2\repository\org\ccil\cowan\tagsoup\tagsoup\1.2.1\tagsoup-1.2.1.jar;C:\Users\Abhishek\.m2\repository\io\rest-assured\json-path\4.4.0\json-path-4.4.0.jar;C:\Users\Abhishek\.m2\repository\org\codehaus\groovy\groovy-json\3.0.8\groovy-json-3.0.8.jar;C:\Users\Abhishek\.m2\repository\io\rest-assured\rest-assured-common\4.
Launcher Type: SUN_STANDARD

[Global flags]
     intx CICompilerCount                          = 3                                         {product} {ergonomic}
     uint ConcGCThreads                            = 1                                         {product} {ergonomic}
     uint G1ConcRefinementThreads                  = 4                                         {product} {ergonomic}
   size_t G1HeapRegionSize                         = 1048576                                   {product} {ergonomic}
    uintx GCDrainStackTargetSize                   = 64                                        {product} {ergonomic}
   size_t InitialHeapSize                          = 134217728                                 {product} {ergonomic}
   size_t MarkStackSize                            = 4194304                                   {product} {ergonomic}
   size_t MaxHeapSize                              = 2124414976                                {product} {ergonomic}
   size_t MaxNewSize                               = 1274019840                                {product} {ergonomic}
   size_t MinHeapDeltaBytes                        = 1048576                                   {product} {ergonomic}
    uintx NonNMethodCodeHeapSize                   = 5830732                                {pd product} {ergonomic}
    uintx NonProfiledCodeHeapSize                  = 122913754                              {pd product} {ergonomic}
    uintx ProfiledCodeHeapSize                     = 122913754                              {pd product} {ergonomic}
    uintx ReservedCodeCacheSize                    = 251658240                              {pd product} {ergonomic}
     bool SegmentedCodeCache                       = true                                      {product} {ergonomic}
     bool UseCompressedClassPointers               = true                                 {lp64_product} {ergonomic}
     bool UseCompressedOops                        = true                                 {lp64_product} {ergonomic}
     bool UseG1GC                                  = true                                      {product} {ergonomic}
     bool UseLargePagesIndividualAllocation        = false                                  {pd product} {ergonomic}

Logging:
Log output configuration:
 #0: stdout all=warning uptime,level,tags
 #1: stderr all=off uptime,level,tags

Environment Variables:
JAVA_HOME=C:\Program Files\Java\jdk1.8.0_321
PATH=C:/Users/Abhishek/.p2/pool/plugins/org.eclipse.justj.openjdk.hotspot.jre.full.win32.x86_64_11.0.14.v20220314-1349/jre/bin/server;C:/Users/Abhishek/.p2/pool/plugins/org.eclipse.justj.openjdk.hotspot.jre.full.win32.x86_64_11.0.14.v20220314-1349/jre/bin;C:\Program Files (x86)\Common Files\Oracle\Java\javapath;C:\Program Files\Java\jdk1.8.0_321\bin;F:\selenium softwares\apache-maven-3.8.5\bin;C:\Program Files\Git\cmd;C:\Program Files\nodejs\;c:\Windows\System32;C:\Users\Abhishek\AppData\Roaming\npm;C:\Windows\System32;
USERNAME=Abhishek
DISPLAY=:0.0
OS=Windows_NT
PROCESSOR_IDENTIFIER=Intel64 Family 6 Model 61 Stepping 4, GenuineIntel



---------------  S Y S T E M  ---------------

OS: Windows 8.1 , 64 bit Build 9600 (6.3.9600.20172)
OS uptime: 11 days 6:20 hours

CPU:total 4 (initial active 4) (2 cores per cpu, 2 threads per core) family 6 model 61 stepping 4 microcode 0x21, cmov, cx8, fxsr, mmx, sse, sse2, sse3, ssse3, sse4.1, sse4.2, popcnt, avx, avx2, aes, clmul, erms, 3dnowpref, lzcnt, ht, tsc, tscinvbit, bmi1, bmi2, adx, fma

Memory: 4k page, system-wide physical 8102M (1079M free)
TotalPageFile size 57254M (AvailPageFile size 3M)
current process WorkingSet (physical memory assigned to process): 94M, peak: 94M
current process commit charge ("private bytes"): 225M, peak: 225M

vm_info: OpenJDK 64-Bit Server VM (11.0.14.1+1) for windows-amd64 JRE (11.0.14.1+1), built on Feb  9 2022 01:48:27 by "" with unknown MS VC++:1916

END.
